#!/usr/bin/bash

#SBATCH -J mipnerf-multicam
#SBATCH --gres=gpu:1
#SBATCH --cpus-per-gpu=8
#SBATCH --mem-per-gpu=32G
#SBATCH -p batch_ugrad
#SBATCH -t 1-0
#SBATCH -o logs/slurm-%A.out

cat sbatch.sh
pwd
which python
hostname

python visualize.py --dataset_name llff --model_weight_path log/llff/model.pt --log_dir log/llff --scene flower 
python extract_mesh.py --model_weight_path log/llff/model.pt --log_dir log/llff

# python visualize.py --dataset_name blender --model_weight_path log/blender/model.pt --log_dir log/blender --scene lego 
# python extract_mesh.py --model_weight_path log/blender/model.pt --log_dir log/blender

# python train.py --dataset_name multicam --log_dir log/multicam --batch_size 512
# python visualize.py --dataset_name multicam --model_weight_path log/multicam/model.pt --log_dir log/multicam --scene lego 
# python extract_mesh.py --log_dir log/multicam

exit 0
/data/csj000714/repos/mipnerf-pytorch
/data/csj000714/anaconda3/bin/python
aurora-g8
Traceback (most recent call last):
  File "/data/csj000714/repos/mipnerf-pytorch/visualize.py", line 1, in <module>
    import torch
ModuleNotFoundError: No module named 'torch'
Traceback (most recent call last):
  File "/data/csj000714/repos/mipnerf-pytorch/extract_mesh.py", line 1, in <module>
    import torch
ModuleNotFoundError: No module named 'torch'
