#!/usr/bin/bash

#SBATCH -J mipnerf-multicam
#SBATCH --gres=gpu:1
#SBATCH --cpus-per-gpu=8
#SBATCH --mem-per-gpu=32G
#SBATCH -p batch_ugrad
#SBATCH -t 1-0
#SBATCH -o logs/slurm-%A.out

cat sbatch.sh
pwd
which python
hostname
# python train.py --dataset_name multicam --log_dir log/multicam --batch_size 512
# python visualize.py --dataset_name llff --model_weight_path log/llff/model.pt --log_dir log/llff --scene flower 
# python extract_mesh.py --log_dir log/llff

python visualize.py --dataset_name blender --model_weight_path log/blender/model.pt --log_dir log/blender --scene lego 
python extract_mesh.py --log_dir log/blender
exit 0
/data/csj000714/repos/mipnerf-pytorch
/data/csj000714/anaconda3/envs/mipNeRF/bin/python
aurora-g6
